This file contains any messages produced by compilers while
running configure, to aid debugging if configure makes a mistake.

It was created by configure, which was
generated by GNU Autoconf 2.61.  Invocation command line was

  $ ./configure 

## --------- ##
## Platform. ##
## --------- ##

hostname = sergio-laptop
uname -m = i686
uname -r = 2.6.31-16-generic
uname -s = Linux
uname -v = #53-Ubuntu SMP Tue Dec 8 04:01:29 UTC 2009

/usr/bin/uname -p = unknown
/bin/uname -X     = unknown

/bin/arch              = unknown
/usr/bin/arch -k       = unknown
/usr/convex/getsysinfo = unknown
/usr/bin/hostinfo      = unknown
/bin/machine           = unknown
/usr/bin/oslevel       = unknown
/bin/universe          = unknown

PATH: /home/sergio/bin
PATH: /home/sergio/bin
PATH: /usr/local/sbin
PATH: /usr/local/bin
PATH: /usr/sbin
PATH: /usr/bin
PATH: /sbin
PATH: /bin
PATH: /usr/games


## ----------- ##
## Core tests. ##
## ----------- ##

configure:1901: checking for grep that handles long lines and -e
configure:1975: result: /bin/grep
configure:1980: checking for egrep
configure:2058: result: /bin/grep -E
configure:2063: checking for a sed that does not truncate output
configure:2117: result: /bin/sed
configure:2240: checking for gcc
configure:2256: found /usr/bin/gcc
configure:2267: result: gcc
configure:2505: checking for C compiler version
configure:2512: gcc --version >&5
gcc (Ubuntu 4.4.1-4ubuntu8) 4.4.1
Copyright (C) 2009 Free Software Foundation, Inc.
This is free software; see the source for copying conditions.  There is NO
warranty; not even for MERCHANTABILITY or FITNESS FOR A PARTICULAR PURPOSE.

configure:2515: $? = 0
configure:2522: gcc -v >&5
Using built-in specs.
Target: i486-linux-gnu
Configured with: ../src/configure -v --with-pkgversion='Ubuntu 4.4.1-4ubuntu8' --with-bugurl=file:///usr/share/doc/gcc-4.4/README.Bugs --enable-languages=c,c++,fortran,objc,obj-c++ --prefix=/usr --enable-shared --enable-multiarch --enable-linker-build-id --with-system-zlib --libexecdir=/usr/lib --without-included-gettext --enable-threads=posix --with-gxx-include-dir=/usr/include/c++/4.4 --program-suffix=-4.4 --enable-nls --enable-clocale=gnu --enable-libstdcxx-debug --enable-objc-gc --enable-targets=all --disable-werror --with-arch-32=i486 --with-tune=generic --enable-checking=release --build=i486-linux-gnu --host=i486-linux-gnu --target=i486-linux-gnu
Thread model: posix
gcc version 4.4.1 (Ubuntu 4.4.1-4ubuntu8) 
configure:2525: $? = 0
configure:2532: gcc -V >&5
gcc: '-V' option must have argument
configure:2535: $? = 1
configure:2558: checking for C compiler default output file name
configure:2585: gcc    conftest.c  >&5
configure:2588: $? = 0
configure:2626: result: a.out
configure:2643: checking whether the C compiler works
configure:2653: ./a.out
configure:2656: $? = 0
configure:2673: result: yes
configure:2680: checking whether we are cross compiling
configure:2682: result: no
configure:2685: checking for suffix of executables
configure:2692: gcc -o conftest    conftest.c  >&5
configure:2695: $? = 0
configure:2719: result: 
configure:2725: checking for suffix of object files
configure:2751: gcc -c   conftest.c >&5
configure:2754: $? = 0
configure:2777: result: o
configure:2781: checking whether we are using the GNU C compiler
configure:2810: gcc -c   conftest.c >&5
configure:2816: $? = 0
configure:2833: result: yes
configure:2838: checking whether gcc accepts -g
configure:2868: gcc -c -g  conftest.c >&5
configure:2874: $? = 0
configure:2973: result: yes
configure:2990: checking for gcc option to accept ISO C89
configure:3064: gcc  -c -g -O2  conftest.c >&5
configure:3070: $? = 0
configure:3093: result: none needed
configure:3112: checking whether gcc and cc understand -c and -o together
configure:3147: gcc -c conftest.c -o conftest2.o >&5
configure:3150: $? = 0
configure:3156: gcc -c conftest.c -o conftest2.o >&5
configure:3159: $? = 0
configure:3170: cc -c conftest.c >&5
configure:3173: $? = 0
configure:3181: cc -c conftest.c -o conftest2.o >&5
configure:3184: $? = 0
configure:3190: cc -c conftest.c -o conftest2.o >&5
configure:3193: $? = 0
configure:3211: result: yes
configure:3227: checking for system library directory
configure:3245: result: lib
configure:3253: checking if compiler supports -R
configure:3282: gcc -o conftest -g -O2   conftest.c -R /usr/lib  >&5
gcc: unrecognized option '-R'
/usr/bin/ld: /usr/lib: No such file: File format not recognized
collect2: ld returned 1 exit status
configure:3288: $? = 1
configure: failed program was:
| /* confdefs.h.  */
| #define PACKAGE_NAME ""
| #define PACKAGE_TARNAME ""
| #define PACKAGE_VERSION ""
| #define PACKAGE_STRING ""
| #define PACKAGE_BUGREPORT ""
| /* end confdefs.h.  */
| 
| int
| main ()
| {
| 
|   ;
|   return 0;
| }
configure:3307: result: no
configure:3312: checking if compiler supports -Wl,-rpath,
configure:3341: gcc -o conftest -g -O2   conftest.c -Wl,-rpath,/usr/lib  >&5
configure:3347: $? = 0
configure:3366: result: yes
configure:3412: checking build system type
configure:3430: result: i686-pc-linux-gnu
configure:3452: checking host system type
configure:3467: result: i686-pc-linux-gnu
configure:3489: checking target system type
configure:3504: result: i686-pc-linux-gnu
configure:3615: checking for PHP prefix
configure:3617: result: /usr
configure:3619: checking for PHP includes
configure:3621: result: -I/usr/include/php5 -I/usr/include/php5/main -I/usr/include/php5/TSRM -I/usr/include/php5/Zend -I/usr/include/php5/ext -I/usr/include/php5/ext/date/lib -D_LARGEFILE_SOURCE -D_FILE_OFFSET_BITS=64
configure:3623: checking for PHP extension directory
configure:3625: result: /usr/lib/php5/20060613+lfs
configure:3627: checking for PHP installed headers prefix
configure:3629: result: /usr/include/php5
configure:3673: checking for re2c
configure:3703: result: no
configure:3728: WARNING: You will need re2c 0.12.0 or later if you want to regenerate PHP parsers.
configure:3742: checking for gawk
configure:3759: found /usr/bin/gawk
configure:3770: result: gawk
configure:3818: checking whether to enable Text_Tokenizer_Regex_Matcher_Ext functions
configure:3860: result: yes, shared
configure:3871: checking whether pcre is available
configure:3914: result: yes, shared
configure:4029: checking PHP version
configure:4056: gcc -c -g -O2  -I/usr/include/php5 -I/usr/include/php5/main -I/usr/include/php5/TSRM -I/usr/include/php5/Zend -I/usr/include/php5/ext -I/usr/include/php5/ext/date/lib -D_LARGEFILE_SOURCE -D_FILE_OFFSET_BITS=64 -DHAVE_TEXT_TOKENIZER_REGEX_MATCHER_EXT conftest.c >&5
configure:4062: $? = 0
configure:4067: result: ok
configure:4465: checking for ld used by gcc
configure:4532: result: /usr/bin/ld
configure:4541: checking if the linker (/usr/bin/ld) is GNU ld
configure:4556: result: yes
configure:4561: checking for /usr/bin/ld option to reload object files
configure:4568: result: -r
configure:4586: checking for BSD-compatible nm
configure:4628: result: /usr/bin/nm -B
configure:4632: checking whether ln -s works
configure:4636: result: yes
configure:4643: checking how to recognise dependent libraries
configure:4815: result: pass_all
configure:5023: checking how to run the C preprocessor
configure:5063: gcc -E  conftest.c
configure:5069: $? = 0
configure:5100: gcc -E  conftest.c
conftest.c:10:28: error: ac_nonexistent.h: No such file or directory
configure:5106: $? = 1
configure: failed program was:
| /* confdefs.h.  */
| #define PACKAGE_NAME ""
| #define PACKAGE_TARNAME ""
| #define PACKAGE_VERSION ""
| #define PACKAGE_STRING ""
| #define PACKAGE_BUGREPORT ""
| #define HAVE_TEXT_TOKENIZER_REGEX_MATCHER_EXT 1
| #define COMPILE_DL_TEXT_TOKENIZER_REGEX_MATCHER_EXT 1
| /* end confdefs.h.  */
| #include <ac_nonexistent.h>
configure:5139: result: gcc -E
configure:5168: gcc -E  conftest.c
configure:5174: $? = 0
configure:5205: gcc -E  conftest.c
conftest.c:10:28: error: ac_nonexistent.h: No such file or directory
configure:5211: $? = 1
configure: failed program was:
| /* confdefs.h.  */
| #define PACKAGE_NAME ""
| #define PACKAGE_TARNAME ""
| #define PACKAGE_VERSION ""
| #define PACKAGE_STRING ""
| #define PACKAGE_BUGREPORT ""
| #define HAVE_TEXT_TOKENIZER_REGEX_MATCHER_EXT 1
| #define COMPILE_DL_TEXT_TOKENIZER_REGEX_MATCHER_EXT 1
| /* end confdefs.h.  */
| #include <ac_nonexistent.h>
configure:5249: checking for ANSI C header files
configure:5279: gcc -c -g -O2  conftest.c >&5
configure:5285: $? = 0
configure:5384: gcc -o conftest -g -O2   conftest.c  >&5
configure:5387: $? = 0
configure:5393: ./conftest
configure:5396: $? = 0
configure:5413: result: yes
configure:5437: checking for sys/types.h
configure:5458: gcc -c -g -O2  conftest.c >&5
configure:5464: $? = 0
configure:5480: result: yes
configure:5437: checking for sys/stat.h
configure:5458: gcc -c -g -O2  conftest.c >&5
configure:5464: $? = 0
configure:5480: result: yes
configure:5437: checking for stdlib.h
configure:5458: gcc -c -g -O2  conftest.c >&5
configure:5464: $? = 0
configure:5480: result: yes
configure:5437: checking for string.h
configure:5458: gcc -c -g -O2  conftest.c >&5
configure:5464: $? = 0
configure:5480: result: yes
configure:5437: checking for memory.h
configure:5458: gcc -c -g -O2  conftest.c >&5
configure:5464: $? = 0
configure:5480: result: yes
configure:5437: checking for strings.h
configure:5458: gcc -c -g -O2  conftest.c >&5
configure:5464: $? = 0
configure:5480: result: yes
configure:5437: checking for inttypes.h
configure:5458: gcc -c -g -O2  conftest.c >&5
configure:5464: $? = 0
configure:5480: result: yes
configure:5437: checking for stdint.h
configure:5458: gcc -c -g -O2  conftest.c >&5
configure:5464: $? = 0
configure:5480: result: yes
configure:5437: checking for unistd.h
configure:5458: gcc -c -g -O2  conftest.c >&5
configure:5464: $? = 0
configure:5480: result: yes
configure:5507: checking dlfcn.h usability
configure:5524: gcc -c -g -O2  conftest.c >&5
configure:5530: $? = 0
configure:5544: result: yes
configure:5548: checking dlfcn.h presence
configure:5563: gcc -E  conftest.c
configure:5569: $? = 0
configure:5583: result: yes
configure:5611: checking for dlfcn.h
configure:5619: result: yes
configure:5690: checking for g++
configure:5706: found /usr/bin/g++
configure:5717: result: g++
configure:5748: checking for C++ compiler version
configure:5755: g++ --version >&5
g++ (Ubuntu 4.4.1-4ubuntu8) 4.4.1
Copyright (C) 2009 Free Software Foundation, Inc.
This is free software; see the source for copying conditions.  There is NO
warranty; not even for MERCHANTABILITY or FITNESS FOR A PARTICULAR PURPOSE.

configure:5758: $? = 0
configure:5765: g++ -v >&5
Using built-in specs.
Target: i486-linux-gnu
Configured with: ../src/configure -v --with-pkgversion='Ubuntu 4.4.1-4ubuntu8' --with-bugurl=file:///usr/share/doc/gcc-4.4/README.Bugs --enable-languages=c,c++,fortran,objc,obj-c++ --prefix=/usr --enable-shared --enable-multiarch --enable-linker-build-id --with-system-zlib --libexecdir=/usr/lib --without-included-gettext --enable-threads=posix --with-gxx-include-dir=/usr/include/c++/4.4 --program-suffix=-4.4 --enable-nls --enable-clocale=gnu --enable-libstdcxx-debug --enable-objc-gc --enable-targets=all --disable-werror --with-arch-32=i486 --with-tune=generic --enable-checking=release --build=i486-linux-gnu --host=i486-linux-gnu --target=i486-linux-gnu
Thread model: posix
gcc version 4.4.1 (Ubuntu 4.4.1-4ubuntu8) 
configure:5768: $? = 0
configure:5775: g++ -V >&5
g++: '-V' option must have argument
configure:5778: $? = 1
configure:5781: checking whether we are using the GNU C++ compiler
configure:5810: g++ -c   conftest.cpp >&5
configure:5816: $? = 0
configure:5833: result: yes
configure:5838: checking whether g++ accepts -g
configure:5868: g++ -c -g  conftest.cpp >&5
configure:5874: $? = 0
configure:5973: result: yes
configure:6006: checking how to run the C++ preprocessor
configure:6042: g++ -E  conftest.cpp
configure:6048: $? = 0
configure:6079: g++ -E  conftest.cpp
conftest.cpp:21:28: error: ac_nonexistent.h: No such file or directory
configure:6085: $? = 1
configure: failed program was:
| /* confdefs.h.  */
| #define PACKAGE_NAME ""
| #define PACKAGE_TARNAME ""
| #define PACKAGE_VERSION ""
| #define PACKAGE_STRING ""
| #define PACKAGE_BUGREPORT ""
| #define HAVE_TEXT_TOKENIZER_REGEX_MATCHER_EXT 1
| #define COMPILE_DL_TEXT_TOKENIZER_REGEX_MATCHER_EXT 1
| #define STDC_HEADERS 1
| #define HAVE_SYS_TYPES_H 1
| #define HAVE_SYS_STAT_H 1
| #define HAVE_STDLIB_H 1
| #define HAVE_STRING_H 1
| #define HAVE_MEMORY_H 1
| #define HAVE_STRINGS_H 1
| #define HAVE_INTTYPES_H 1
| #define HAVE_STDINT_H 1
| #define HAVE_UNISTD_H 1
| #define HAVE_DLFCN_H 1
| /* end confdefs.h.  */
| #include <ac_nonexistent.h>
configure:6118: result: g++ -E
configure:6147: g++ -E  conftest.cpp
configure:6153: $? = 0
configure:6184: g++ -E  conftest.cpp
conftest.cpp:21:28: error: ac_nonexistent.h: No such file or directory
configure:6190: $? = 1
configure: failed program was:
| /* confdefs.h.  */
| #define PACKAGE_NAME ""
| #define PACKAGE_TARNAME ""
| #define PACKAGE_VERSION ""
| #define PACKAGE_STRING ""
| #define PACKAGE_BUGREPORT ""
| #define HAVE_TEXT_TOKENIZER_REGEX_MATCHER_EXT 1
| #define COMPILE_DL_TEXT_TOKENIZER_REGEX_MATCHER_EXT 1
| #define STDC_HEADERS 1
| #define HAVE_SYS_TYPES_H 1
| #define HAVE_SYS_STAT_H 1
| #define HAVE_STDLIB_H 1
| #define HAVE_STRING_H 1
| #define HAVE_MEMORY_H 1
| #define HAVE_STRINGS_H 1
| #define HAVE_INTTYPES_H 1
| #define HAVE_STDINT_H 1
| #define HAVE_UNISTD_H 1
| #define HAVE_DLFCN_H 1
| /* end confdefs.h.  */
| #include <ac_nonexistent.h>
configure:6234: checking the maximum length of command line arguments
configure:6326: result: 32768
configure:6337: checking command to parse /usr/bin/nm -B output from gcc object
configure:6433: g++ -c -g -O2  conftest.cpp >&5
configure:6436: $? = 0
configure:6440: /usr/bin/nm -B conftest.o \| sed -n -e 's/^.*[ 	]\([ABCDGIRSTW][ABCDGIRSTW]*\)[ 	][ 	]*\([_A-Za-z][_A-Za-z0-9]*\)$/\1 \2 \2/p' \> conftest.nm
configure:6443: $? = 0
configure:6495: g++ -o conftest -g -O2   conftest.cpp conftstm.o >&5
configure:6498: $? = 0
configure:6536: result: ok
configure:6540: checking for objdir
configure:6555: result: .libs
configure:6647: checking for ar
configure:6663: found /usr/bin/ar
configure:6674: result: ar
configure:6743: checking for ranlib
configure:6759: found /usr/bin/ranlib
configure:6770: result: ranlib
configure:6839: checking for strip
configure:6855: found /usr/bin/strip
configure:6866: result: strip
configure:7168: checking if gcc static flag  works
configure:7196: result: yes
configure:7218: checking if gcc supports -fno-rtti -fno-exceptions
configure:7236: gcc -c -g -O2  -fno-rtti -fno-exceptions conftest.c >&5
cc1: warning: command line option "-fno-rtti" is valid for C++/ObjC++ but not for C
configure:7240: $? = 0
configure:7253: result: no
configure:7268: checking for gcc option to produce PIC
configure:7472: result: -fPIC
configure:7480: checking if gcc PIC flag -fPIC works
configure:7498: gcc -c -g -O2  -fPIC -DPIC conftest.c >&5
configure:7502: $? = 0
configure:7515: result: yes
configure:7539: checking if gcc supports -c -o file.o
configure:7560: gcc -c -g -O2  -o out/conftest2.o conftest.c >&5
configure:7564: $? = 0
configure:7586: result: yes
configure:7612: checking whether the gcc linker (/usr/bin/ld) supports shared libraries
configure:8456: result: yes
configure:8482: checking whether -lc should be explicitly linked in
configure:8487: gcc -c -g -O2  conftest.c >&5
configure:8490: $? = 0
configure:8504: gcc -shared conftest.o  -v -Wl,-soname -Wl,conftest -o conftest 2\>\&1 \| grep  -lc  \>/dev/null 2\>\&1
configure:8507: $? = 0
configure:8519: result: no
configure:8527: checking dynamic linker characteristics
configure:9102: result: GNU/Linux ld.so
configure:9106: checking how to hardcode library paths into programs
configure:9131: result: immediate
configure:9145: checking whether stripping libraries is possible
configure:9150: result: yes
configure:9947: checking if libtool supports shared libraries
configure:9949: result: yes
configure:9952: checking whether to build shared libraries
configure:9973: result: yes
configure:9976: checking whether to build static libraries
configure:9980: result: no
configure:10073: result:
creating libtool
configure:10653: checking for ld used by g++
configure:10720: result: /usr/bin/ld
configure:10729: checking if the linker (/usr/bin/ld) is GNU ld
configure:10744: result: yes
configure:10795: checking whether the g++ linker (/usr/bin/ld) supports shared libraries
configure:11623: result: yes
configure:11645: g++ -c -g -O2  conftest.cpp >&5
configure:11648: $? = 0
configure:11758: checking for g++ option to produce PIC
configure:12026: result: -fPIC
configure:12034: checking if g++ PIC flag -fPIC works
configure:12052: g++ -c -g -O2  -fPIC -DPIC conftest.cpp >&5
configure:12056: $? = 0
configure:12069: result: yes
configure:12093: checking if g++ supports -c -o file.o
configure:12114: g++ -c -g -O2  -o out/conftest2.o conftest.cpp >&5
configure:12118: $? = 0
configure:12140: result: yes
configure:12166: checking whether the g++ linker (/usr/bin/ld) supports shared libraries
configure:12191: result: yes
configure:12262: checking dynamic linker characteristics
configure:12837: result: GNU/Linux ld.so
configure:12841: checking how to hardcode library paths into programs
configure:12866: result: immediate
configure:12880: checking whether stripping libraries is possible
configure:12885: result: yes
configure:14397: creating ./config.status

## ---------------------- ##
## Running config.status. ##
## ---------------------- ##

This file was extended by config.status, which was
generated by GNU Autoconf 2.61.  Invocation command line was

  CONFIG_FILES    = 
  CONFIG_HEADERS  = 
  CONFIG_LINKS    = 
  CONFIG_COMMANDS = 
  $ ./config.status 

on sergio-laptop

config.status:515: creating config.h

## ---------------- ##
## Cache variables. ##
## ---------------- ##

ac_cv_build=i686-pc-linux-gnu
ac_cv_c_compiler_gnu=yes
ac_cv_cxx_compiler_gnu=yes
ac_cv_env_CCC_set=
ac_cv_env_CCC_value=
ac_cv_env_CC_set=
ac_cv_env_CC_value=
ac_cv_env_CFLAGS_set=
ac_cv_env_CFLAGS_value=
ac_cv_env_CPPFLAGS_set=
ac_cv_env_CPPFLAGS_value=
ac_cv_env_CPP_set=
ac_cv_env_CPP_value=
ac_cv_env_CXXCPP_set=
ac_cv_env_CXXCPP_value=
ac_cv_env_CXXFLAGS_set=
ac_cv_env_CXXFLAGS_value=
ac_cv_env_CXX_set=
ac_cv_env_CXX_value=
ac_cv_env_LDFLAGS_set=
ac_cv_env_LDFLAGS_value=
ac_cv_env_LIBS_set=
ac_cv_env_LIBS_value=
ac_cv_env_build_alias_set=
ac_cv_env_build_alias_value=
ac_cv_env_host_alias_set=
ac_cv_env_host_alias_value=
ac_cv_env_target_alias_set=
ac_cv_env_target_alias_value=
ac_cv_header_dlfcn_h=yes
ac_cv_header_inttypes_h=yes
ac_cv_header_memory_h=yes
ac_cv_header_stdc=yes
ac_cv_header_stdint_h=yes
ac_cv_header_stdlib_h=yes
ac_cv_header_string_h=yes
ac_cv_header_strings_h=yes
ac_cv_header_sys_stat_h=yes
ac_cv_header_sys_types_h=yes
ac_cv_header_unistd_h=yes
ac_cv_host=i686-pc-linux-gnu
ac_cv_objext=o
ac_cv_path_EGREP='/bin/grep -E'
ac_cv_path_GREP=/bin/grep
ac_cv_prog_AWK=gawk
ac_cv_prog_CPP='gcc -E'
ac_cv_prog_CXXCPP='g++ -E'
ac_cv_prog_ac_ct_AR=ar
ac_cv_prog_ac_ct_CC=gcc
ac_cv_prog_ac_ct_CXX=g++
ac_cv_prog_ac_ct_RANLIB=ranlib
ac_cv_prog_ac_ct_STRIP=strip
ac_cv_prog_cc_c89=
ac_cv_prog_cc_g=yes
ac_cv_prog_cc_gcc_c_o=yes
ac_cv_prog_cxx_g=yes
ac_cv_target=i686-pc-linux-gnu
lt_cv_deplibs_check_method=pass_all
lt_cv_file_magic_cmd='$MAGIC_CMD'
lt_cv_file_magic_test_file=
lt_cv_ld_reload_flag=-r
lt_cv_objdir=.libs
lt_cv_path_LD=/usr/bin/ld
lt_cv_path_LDCXX=/usr/bin/ld
lt_cv_path_NM='/usr/bin/nm -B'
lt_cv_path_SED=/bin/sed
lt_cv_prog_compiler_c_o=yes
lt_cv_prog_compiler_c_o_CXX=yes
lt_cv_prog_compiler_rtti_exceptions=no
lt_cv_prog_gnu_ld=yes
lt_cv_prog_gnu_ldcxx=yes
lt_cv_sys_global_symbol_pipe='sed -n -e '\''s/^.*[ 	]\([ABCDGIRSTW][ABCDGIRSTW]*\)[ 	][ 	]*\([_A-Za-z][_A-Za-z0-9]*\)$/\1 \2 \2/p'\'''
lt_cv_sys_global_symbol_to_c_name_address='sed -n -e '\''s/^: \([^ ]*\) $/  {\"\1\", (lt_ptr) 0},/p'\'' -e '\''s/^[BCDEGRST] \([^ ]*\) \([^ ]*\)$/  {"\2", (lt_ptr) \&\2},/p'\'''
lt_cv_sys_global_symbol_to_cdecl='sed -n -e '\''s/^. .* \(.*\)$/extern int \1;/p'\'''
lt_cv_sys_max_cmd_len=32768
lt_lt_cv_prog_compiler_c_o='"yes"'
lt_lt_cv_prog_compiler_c_o_CXX='"yes"'
lt_lt_cv_sys_global_symbol_pipe='"sed -n -e '\''s/^.*[ 	]\\([ABCDGIRSTW][ABCDGIRSTW]*\\)[ 	][ 	]*\\([_A-Za-z][_A-Za-z0-9]*\\)\$/\\1 \\2 \\2/p'\''"'
lt_lt_cv_sys_global_symbol_to_c_name_address='"sed -n -e '\''s/^: \\([^ ]*\\) \$/  {\\\"\\1\\\", (lt_ptr) 0},/p'\'' -e '\''s/^[BCDEGRST] \\([^ ]*\\) \\([^ ]*\\)\$/  {\"\\2\", (lt_ptr) \\&\\2},/p'\''"'
lt_lt_cv_sys_global_symbol_to_cdecl='"sed -n -e '\''s/^. .* \\(.*\\)\$/extern int \\1;/p'\''"'
php_cv_cc_dashr=no
php_cv_cc_rpath=yes

## ----------------- ##
## Output variables. ##
## ----------------- ##

AR='ar'
AWK='gawk'
CC='gcc'
CFLAGS='-g -O2'
CONFIGURE_COMMAND=' '\''./configure'\'' '
CONFIGURE_OPTIONS=''
CPP='gcc -E'
CPPFLAGS=' -DHAVE_CONFIG_H'
CXX='g++'
CXXCPP='g++ -E'
CXXFLAGS='-g -O2'
DEFS='-DHAVE_CONFIG_H'
ECHO='echo'
ECHO_C=''
ECHO_N='-n'
ECHO_T=''
EGREP='/bin/grep -E'
EXEEXT=''
GREP='/bin/grep'
LDFLAGS=''
LIBOBJS=''
LIBS=''
LIBTOOL='$(SHELL) $(top_builddir)/libtool'
LN_S='ln -s'
LTLIBOBJS=''
OBJEXT='o'
PACKAGE_BUGREPORT=''
PACKAGE_NAME=''
PACKAGE_STRING=''
PACKAGE_TARNAME=''
PACKAGE_VERSION=''
PATH_SEPARATOR=':'
RANLIB='ranlib'
RE2C='exit 0;'
SED='/bin/sed'
SHELL='/bin/bash'
SHLIB_DL_SUFFIX_NAME='so'
SHLIB_SUFFIX_NAME='so'
STRIP='strip'
ac_ct_CC='gcc'
ac_ct_CXX='g++'
bindir='${exec_prefix}/bin'
build='i686-pc-linux-gnu'
build_alias=''
build_cpu='i686'
build_os='linux-gnu'
build_vendor='pc'
datadir='${datarootdir}'
datarootdir='${prefix}/share'
docdir='${datarootdir}/doc/${PACKAGE}'
dvidir='${docdir}'
exec_prefix='$(prefix)'
host='i686-pc-linux-gnu'
host_alias='i686-pc-linux-gnu'
host_cpu='i686'
host_os='linux-gnu'
host_vendor='pc'
htmldir='${docdir}'
includedir='${prefix}/include'
infodir='${datarootdir}/info'
libdir='${exec_prefix}/lib'
libexecdir='${exec_prefix}/libexec'
localedir='${datarootdir}/locale'
localstatedir='${prefix}/var'
mandir='${datarootdir}/man'
oldincludedir='/usr/include'
pdfdir='${docdir}'
prefix='/usr'
program_transform_name='s,x,x,'
psdir='${docdir}'
sbindir='${exec_prefix}/sbin'
sharedstatedir='${prefix}/com'
sysconfdir='${prefix}/etc'
target='i686-pc-linux-gnu'
target_alias=''
target_cpu='i686'
target_os='linux-gnu'
target_vendor='pc'

## ----------- ##
## confdefs.h. ##
## ----------- ##

#define PACKAGE_NAME ""
#define PACKAGE_TARNAME ""
#define PACKAGE_VERSION ""
#define PACKAGE_STRING ""
#define PACKAGE_BUGREPORT ""
#define HAVE_TEXT_TOKENIZER_REGEX_MATCHER_EXT 1
#define COMPILE_DL_TEXT_TOKENIZER_REGEX_MATCHER_EXT 1
#define STDC_HEADERS 1
#define HAVE_SYS_TYPES_H 1
#define HAVE_SYS_STAT_H 1
#define HAVE_STDLIB_H 1
#define HAVE_STRING_H 1
#define HAVE_MEMORY_H 1
#define HAVE_STRINGS_H 1
#define HAVE_INTTYPES_H 1
#define HAVE_STDINT_H 1
#define HAVE_UNISTD_H 1
#define HAVE_DLFCN_H 1

configure: exit 0
